<?xml version="1.0" encoding="UTF-8"?>
<!-- Generated by org.testng.reporters.JUnitReportReporter -->
<testsuite hostname="DineshBalaji" failures="0" tests="1" name="TestFile.HomePageTest" time="5.917" errors="0" timestamp="2025-08-31T19:41:35 IST" skipped="0">
  <testcase classname="TestFile.HomePageTest" name="HomePageTest" time="5.917"/>
</testsuite> <!-- TestFile.HomePageTest -->
