<?xml version="1.0" encoding="UTF-8"?>
<!-- Generated by org.testng.reporters.JUnitReportReporter -->
<testsuite hostname="DineshBalaji" failures="0" tests="1" name="myTests.program.play" time="5.969" errors="0" timestamp="2025-08-31T13:09:59 IST" skipped="0">
  <testcase classname="myTests.program.play" name="play" time="5.969">
    <system-out>
      <![CDATA[City names are taken : [Mumbai, India, New Delhi, India, Bangkok, Thailand, Bengaluru, India, Pune, India, Hyderabad, India, Kolkata, India, Chennai, India, Goa - Dabolim Airport, India, Dubai, United Arab Emirates]]]>
    </system-out>
  </testcase> <!-- play -->
  <system-out>
    <![CDATA[City names are taken : [Mumbai, India, New Delhi, India, Bangkok, Thailand, Bengaluru, India, Pune, India, Hyderabad, India, Kolkata, India, Chennai, India, Goa - Dabolim Airport, India, Dubai, United Arab Emirates]]]>
  </system-out>
</testsuite> <!-- myTests.program.play -->
